<?xml version="1.0" encoding="UTF-8"?>
<testng-results ignored="0" total="1" passed="1" failed="0" skipped="0">
  <reporter-output>
  </reporter-output>
  <suite started-at="2024-02-18T06:31:31 GMT" name="Default suite" finished-at="2024-02-18T06:35:53 GMT" duration-ms="261952">
    <groups>
    </groups>
    <test started-at="2024-02-18T06:31:31 GMT" name="Default test" finished-at="2024-02-18T06:35:53 GMT" duration-ms="261952">
      <class name="com.apachepoi.excel.wirte.webtabledata.intoexcel.WebTableToExcel">
        <test-method signature="webTableToExcel()[pri:0, instance:com.apachepoi.excel.wirte.webtabledata.intoexcel.WebTableToExcel@202b0582]" started-at="2024-02-18T06:31:31 GMT" name="webTableToExcel" finished-at="2024-02-18T06:35:53 GMT" duration-ms="261727" status="PASS">
          <reporter-output>
          </reporter-output>
        </test-method> <!-- webTableToExcel -->
      </class> <!-- com.apachepoi.excel.wirte.webtabledata.intoexcel.WebTableToExcel -->
    </test> <!-- Default test -->
  </suite> <!-- Default suite -->
</testng-results>
